{
  "stats": {
    "suites": 1,
    "tests": 3,
    "passes": 3,
    "pending": 0,
    "failures": 0,
    "start": "2025-09-17T03:34:50.423Z",
    "end": "2025-09-17T03:34:50.898Z",
    "duration": 475,
    "testsRegistered": 3,
    "passPercent": 100,
    "pendingPercent": 0,
    "other": 0,
    "hasOther": false,
    "skipped": 0,
    "hasSkipped": false
  },
  "results": [
    {
      "uuid": "d5b2d435-4c4d-46f9-a177-e106ba3446e4",
      "title": "",
      "fullFile": "E:\\Work\\Automation Test\\MochaChai\\test\\api.test.js",
      "file": "\\test\\api.test.js",
      "beforeHooks": [],
      "afterHooks": [],
      "tests": [],
      "suites": [
        {
          "uuid": "ed7c6197-3f74-496e-83c1-996271a8cad6",
          "title": "Testing API JSONPlaceholder",
          "fullFile": "E:\\Work\\Automation Test\\MochaChai\\test\\api.test.js",
          "file": "\\test\\api.test.js",
          "beforeHooks": [],
          "afterHooks": [],
          "tests": [
            {
              "title": "GET /users",
              "fullTitle": "Testing API JSONPlaceholder GET /users",
              "timedOut": false,
              "duration": 178,
              "state": "passed",
              "speed": "slow",
              "pass": true,
              "fail": false,
              "pending": false,
              "context": "{\n  \"title\": \"Response GET /users\",\n  \"value\": \"{\\n  \\\"status\\\": 200,\\n  \\\"data\\\": [\\n    {\\n      \\\"id\\\": 1,\\n      \\\"name\\\": \\\"Leanne Graham\\\",\\n      \\\"username\\\": \\\"Bret\\\",\\n      \\\"email\\\": \\\"Sincere@april.biz\\\",\\n      \\\"address\\\": {\\n        \\\"street\\\": \\\"Kulas Light\\\",\\n        \\\"suite\\\": \\\"Apt. 556\\\",\\n        \\\"city\\\": \\\"Gwenborough\\\",\\n        \\\"zipcode\\\": \\\"92998-3874\\\",\\n        \\\"geo\\\": {\\n          \\\"lat\\\": \\\"-37.3159\\\",\\n          \\\"lng\\\": \\\"81.1496\\\"\\n        }\\n      },\\n      \\\"phone\\\": \\\"1-770-736-8031 x56442\\\",\\n      \\\"website\\\": \\\"hildegard.org\\\",\\n      \\\"company\\\": {\\n        \\\"name\\\": \\\"Romaguera-Crona\\\",\\n        \\\"catchPhrase\\\": \\\"Multi-layered client-server neural-net\\\",\\n        \\\"bs\\\": \\\"harness real-time e-markets\\\"\\n      }\\n    },\\n    {\\n      \\\"id\\\": 2,\\n      \\\"name\\\": \\\"Ervin Howell\\\",\\n      \\\"username\\\": \\\"Antonette\\\",\\n      \\\"email\\\": \\\"Shanna@melissa.tv\\\",\\n      \\\"address\\\": {\\n        \\\"street\\\": \\\"Victor Plains\\\",\\n        \\\"suite\\\": \\\"Suite 879\\\",\\n        \\\"city\\\": \\\"Wisokyburgh\\\",\\n        \\\"zipcode\\\": \\\"90566-7771\\\",\\n        \\\"geo\\\": {\\n          \\\"lat\\\": \\\"-43.9509\\\",\\n          \\\"lng\\\": \\\"-34.4618\\\"\\n        }\\n      },\\n      \\\"phone\\\": \\\"010-692-6593 x09125\\\",\\n      \\\"website\\\": \\\"anastasia.net\\\",\\n      \\\"company\\\": {\\n        \\\"name\\\": \\\"Deckow-Crist\\\",\\n        \\\"catchPhrase\\\": \\\"Proactive didactic contingency\\\",\\n        \\\"bs\\\": \\\"synergize scalable supply-chains\\\"\\n      }\\n    },\\n    {\\n      \\\"id\\\": 3,\\n      \\\"name\\\": \\\"Clementine Bauch\\\",\\n      \\\"username\\\": \\\"Samantha\\\",\\n      \\\"email\\\": \\\"Nathan@yesenia.net\\\",\\n      \\\"address\\\": {\\n        \\\"street\\\": \\\"Douglas Extension\\\",\\n        \\\"suite\\\": \\\"Suite 847\\\",\\n        \\\"city\\\": \\\"McKenziehaven\\\",\\n        \\\"zipcode\\\": \\\"59590-4157\\\",\\n        \\\"geo\\\": {\\n          \\\"lat\\\": \\\"-68.6102\\\",\\n          \\\"lng\\\": \\\"-47.0653\\\"\\n        }\\n      },\\n      \\\"phone\\\": \\\"1-463-123-4447\\\",\\n      \\\"website\\\": \\\"ramiro.info\\\",\\n      \\\"company\\\": {\\n        \\\"name\\\": \\\"Romaguera-Jacobson\\\",\\n        \\\"catchPhrase\\\": \\\"Face to face bifurcated interface\\\",\\n        \\\"bs\\\": \\\"e-enable strategic applications\\\"\\n      }\\n    },\\n    {\\n      \\\"id\\\": 4,\\n      \\\"name\\\": \\\"Patricia Lebsack\\\",\\n      \\\"username\\\": \\\"Karianne\\\",\\n      \\\"email\\\": \\\"Julianne.OConner@kory.org\\\",\\n      \\\"address\\\": {\\n        \\\"street\\\": \\\"Hoeger Mall\\\",\\n        \\\"suite\\\": \\\"Apt. 692\\\",\\n        \\\"city\\\": \\\"South Elvis\\\",\\n        \\\"zipcode\\\": \\\"53919-4257\\\",\\n        \\\"geo\\\": {\\n          \\\"lat\\\": \\\"29.4572\\\",\\n          \\\"lng\\\": \\\"-164.2990\\\"\\n        }\\n      },\\n      \\\"phone\\\": \\\"493-170-9623 x156\\\",\\n      \\\"website\\\": \\\"kale.biz\\\",\\n      \\\"company\\\": {\\n        \\\"name\\\": \\\"Robel-Corkery\\\",\\n        \\\"catchPhrase\\\": \\\"Multi-tiered zero tolerance productivity\\\",\\n        \\\"bs\\\": \\\"transition cutting-edge web services\\\"\\n      }\\n    },\\n    {\\n      \\\"id\\\": 5,\\n      \\\"name\\\": \\\"Chelsey Dietrich\\\",\\n      \\\"username\\\": \\\"Kamren\\\",\\n      \\\"email\\\": \\\"Lucio_Hettinger@annie.ca\\\",\\n      \\\"address\\\": {\\n        \\\"street\\\": \\\"Skiles Walks\\\",\\n        \\\"suite\\\": \\\"Suite 351\\\",\\n        \\\"city\\\": \\\"Roscoeview\\\",\\n        \\\"zipcode\\\": \\\"33263\\\",\\n        \\\"geo\\\": {\\n          \\\"lat\\\": \\\"-31.8129\\\",\\n          \\\"lng\\\": \\\"62.5342\\\"\\n        }\\n      },\\n      \\\"phone\\\": \\\"(254)954-1289\\\",\\n      \\\"website\\\": \\\"demarco.info\\\",\\n      \\\"company\\\": {\\n        \\\"name\\\": \\\"Keebler LLC\\\",\\n        \\\"catchPhrase\\\": \\\"User-centric fault-tolerant solution\\\",\\n        \\\"bs\\\": \\\"revolutionize end-to-end systems\\\"\\n      }\\n    },\\n    {\\n      \\\"id\\\": 6,\\n      \\\"name\\\": \\\"Mrs. Dennis Schulist\\\",\\n      \\\"username\\\": \\\"Leopoldo_Corkery\\\",\\n      \\\"email\\\": \\\"Karley_Dach@jasper.info\\\",\\n      \\\"address\\\": {\\n        \\\"street\\\": \\\"Norberto Crossing\\\",\\n        \\\"suite\\\": \\\"Apt. 950\\\",\\n        \\\"city\\\": \\\"South Christy\\\",\\n        \\\"zipcode\\\": \\\"23505-1337\\\",\\n        \\\"geo\\\": {\\n          \\\"lat\\\": \\\"-71.4197\\\",\\n          \\\"lng\\\": \\\"71.7478\\\"\\n        }\\n      },\\n      \\\"phone\\\": \\\"1-477-935-8478 x6430\\\",\\n      \\\"website\\\": \\\"ola.org\\\",\\n      \\\"company\\\": {\\n        \\\"name\\\": \\\"Considine-Lockman\\\",\\n        \\\"catchPhrase\\\": \\\"Synchronised bottom-line interface\\\",\\n        \\\"bs\\\": \\\"e-enable innovative applications\\\"\\n      }\\n    },\\n    {\\n      \\\"id\\\": 7,\\n      \\\"name\\\": \\\"Kurtis Weissnat\\\",\\n      \\\"username\\\": \\\"Elwyn.Skiles\\\",\\n      \\\"email\\\": \\\"Telly.Hoeger@billy.biz\\\",\\n      \\\"address\\\": {\\n        \\\"street\\\": \\\"Rex Trail\\\",\\n        \\\"suite\\\": \\\"Suite 280\\\",\\n        \\\"city\\\": \\\"Howemouth\\\",\\n        \\\"zipcode\\\": \\\"58804-1099\\\",\\n        \\\"geo\\\": {\\n          \\\"lat\\\": \\\"24.8918\\\",\\n          \\\"lng\\\": \\\"21.8984\\\"\\n        }\\n      },\\n      \\\"phone\\\": \\\"210.067.6132\\\",\\n      \\\"website\\\": \\\"elvis.io\\\",\\n      \\\"company\\\": {\\n        \\\"name\\\": \\\"Johns Group\\\",\\n        \\\"catchPhrase\\\": \\\"Configurable multimedia task-force\\\",\\n        \\\"bs\\\": \\\"generate enterprise e-tailers\\\"\\n      }\\n    },\\n    {\\n      \\\"id\\\": 8,\\n      \\\"name\\\": \\\"Nicholas Runolfsdottir V\\\",\\n      \\\"username\\\": \\\"Maxime_Nienow\\\",\\n      \\\"email\\\": \\\"Sherwood@rosamond.me\\\",\\n      \\\"address\\\": {\\n        \\\"street\\\": \\\"Ellsworth Summit\\\",\\n        \\\"suite\\\": \\\"Suite 729\\\",\\n        \\\"city\\\": \\\"Aliyaview\\\",\\n        \\\"zipcode\\\": \\\"45169\\\",\\n        \\\"geo\\\": {\\n          \\\"lat\\\": \\\"-14.3990\\\",\\n          \\\"lng\\\": \\\"-120.7677\\\"\\n        }\\n      },\\n      \\\"phone\\\": \\\"586.493.6943 x140\\\",\\n      \\\"website\\\": \\\"jacynthe.com\\\",\\n      \\\"company\\\": {\\n        \\\"name\\\": \\\"Abernathy Group\\\",\\n        \\\"catchPhrase\\\": \\\"Implemented secondary concept\\\",\\n        \\\"bs\\\": \\\"e-enable extensible e-tailers\\\"\\n      }\\n    },\\n    {\\n      \\\"id\\\": 9,\\n      \\\"name\\\": \\\"Glenna Reichert\\\",\\n      \\\"username\\\": \\\"Delphine\\\",\\n      \\\"email\\\": \\\"Chaim_McDermott@dana.io\\\",\\n      \\\"address\\\": {\\n        \\\"street\\\": \\\"Dayna Park\\\",\\n        \\\"suite\\\": \\\"Suite 449\\\",\\n        \\\"city\\\": \\\"Bartholomebury\\\",\\n        \\\"zipcode\\\": \\\"76495-3109\\\",\\n        \\\"geo\\\": {\\n          \\\"lat\\\": \\\"24.6463\\\",\\n          \\\"lng\\\": \\\"-168.8889\\\"\\n        }\\n      },\\n      \\\"phone\\\": \\\"(775)976-6794 x41206\\\",\\n      \\\"website\\\": \\\"conrad.com\\\",\\n      \\\"company\\\": {\\n        \\\"name\\\": \\\"Yost and Sons\\\",\\n        \\\"catchPhrase\\\": \\\"Switchable contextually-based project\\\",\\n        \\\"bs\\\": \\\"aggregate real-time technologies\\\"\\n      }\\n    },\\n    {\\n      \\\"id\\\": 10,\\n      \\\"name\\\": \\\"Clementina DuBuque\\\",\\n      \\\"username\\\": \\\"Moriah.Stanton\\\",\\n      \\\"email\\\": \\\"Rey.Padberg@karina.biz\\\",\\n      \\\"address\\\": {\\n        \\\"street\\\": \\\"Kattie Turnpike\\\",\\n        \\\"suite\\\": \\\"Suite 198\\\",\\n        \\\"city\\\": \\\"Lebsackbury\\\",\\n        \\\"zipcode\\\": \\\"31428-2261\\\",\\n        \\\"geo\\\": {\\n          \\\"lat\\\": \\\"-38.2386\\\",\\n          \\\"lng\\\": \\\"57.2232\\\"\\n        }\\n      },\\n      \\\"phone\\\": \\\"024-648-3804\\\",\\n      \\\"website\\\": \\\"ambrose.net\\\",\\n      \\\"company\\\": {\\n        \\\"name\\\": \\\"Hoeger LLC\\\",\\n        \\\"catchPhrase\\\": \\\"Centralized empowering task-force\\\",\\n        \\\"bs\\\": \\\"target end-to-end models\\\"\\n      }\\n    }\\n  ]\\n}\"\n}",
              "code": "const res = await api.get(\"/users\");\nattachResponse(this.test, res, \"Response GET /users\");\nexpect(res.status).to.equal(200);\nexpect(res.data).to.be.an(\"array\");",
              "err": {},
              "uuid": "d9419e91-ba5f-46d4-b2da-bfcabebe0766",
              "parentUUID": "ed7c6197-3f74-496e-83c1-996271a8cad6",
              "isHook": false,
              "skipped": false
            },
            {
              "title": "GET /users/1",
              "fullTitle": "Testing API JSONPlaceholder GET /users/1",
              "timedOut": false,
              "duration": 33,
              "state": "passed",
              "speed": "fast",
              "pass": true,
              "fail": false,
              "pending": false,
              "context": "{\n  \"title\": \"Response GET /users/1\",\n  \"value\": \"{\\n  \\\"status\\\": 200,\\n  \\\"data\\\": {\\n    \\\"id\\\": 1,\\n    \\\"name\\\": \\\"Leanne Graham\\\",\\n    \\\"username\\\": \\\"Bret\\\",\\n    \\\"email\\\": \\\"Sincere@april.biz\\\",\\n    \\\"address\\\": {\\n      \\\"street\\\": \\\"Kulas Light\\\",\\n      \\\"suite\\\": \\\"Apt. 556\\\",\\n      \\\"city\\\": \\\"Gwenborough\\\",\\n      \\\"zipcode\\\": \\\"92998-3874\\\",\\n      \\\"geo\\\": {\\n        \\\"lat\\\": \\\"-37.3159\\\",\\n        \\\"lng\\\": \\\"81.1496\\\"\\n      }\\n    },\\n    \\\"phone\\\": \\\"1-770-736-8031 x56442\\\",\\n    \\\"website\\\": \\\"hildegard.org\\\",\\n    \\\"company\\\": {\\n      \\\"name\\\": \\\"Romaguera-Crona\\\",\\n      \\\"catchPhrase\\\": \\\"Multi-layered client-server neural-net\\\",\\n      \\\"bs\\\": \\\"harness real-time e-markets\\\"\\n    }\\n  }\\n}\"\n}",
              "code": "const res = await api.get(\"/users/1\");\nattachResponse(this.test, res, \"Response GET /users/1\");\nexpect(res.status).to.equal(200);\nexpect(res.data).to.have.property(\"id\", 1);",
              "err": {},
              "uuid": "e2db91ed-b9a9-42c0-8c17-cf8638ce93f7",
              "parentUUID": "ed7c6197-3f74-496e-83c1-996271a8cad6",
              "isHook": false,
              "skipped": false
            },
            {
              "title": "POST /users",
              "fullTitle": "Testing API JSONPlaceholder POST /users",
              "timedOut": false,
              "duration": 261,
              "state": "passed",
              "speed": "slow",
              "pass": true,
              "fail": false,
              "pending": false,
              "context": "{\n  \"title\": \"Response POST /users\",\n  \"value\": \"{\\n  \\\"status\\\": 201,\\n  \\\"data\\\": {\\n    \\\"name\\\": \\\"Jane Doe\\\",\\n    \\\"username\\\": \\\"Created\\\",\\n    \\\"id\\\": 11\\n  }\\n}\"\n}",
              "code": "const payload = { name: \"Jane Doe\", username: \"Created\"};\nconst res = await api.post(\"/users\", payload);\nattachResponse(this.test, res, \"Response POST /users\");\nexpect(res.status).to.equal(201);\nexpect(res.data).to.include(payload);",
              "err": {},
              "uuid": "2ec9f8cd-23bf-4503-9e88-afd8cd6939f0",
              "parentUUID": "ed7c6197-3f74-496e-83c1-996271a8cad6",
              "isHook": false,
              "skipped": false
            }
          ],
          "suites": [],
          "passes": [
            "d9419e91-ba5f-46d4-b2da-bfcabebe0766",
            "e2db91ed-b9a9-42c0-8c17-cf8638ce93f7",
            "2ec9f8cd-23bf-4503-9e88-afd8cd6939f0"
          ],
          "failures": [],
          "pending": [],
          "skipped": [],
          "duration": 472,
          "root": false,
          "rootEmpty": false,
          "_timeout": 2000
        }
      ],
      "passes": [],
      "failures": [],
      "pending": [],
      "skipped": [],
      "duration": 0,
      "root": true,
      "rootEmpty": true,
      "_timeout": 2000
    }
  ],
  "meta": {
    "mocha": {
      "version": "11.7.2"
    },
    "mochawesome": {
      "options": {
        "quiet": false,
        "reportFilename": "mochawesome",
        "saveHtml": true,
        "saveJson": true,
        "consoleReporter": "spec",
        "useInlineDiffs": false,
        "code": true
      },
      "version": "7.1.4"
    },
    "marge": {
      "options": null,
      "version": "6.3.0"
    }
  }
}